running egg_info
creating ../../build/data_processor_pkg/data_processor_pkg.egg-info
writing ../../build/data_processor_pkg/data_processor_pkg.egg-info/PKG-INFO
writing dependency_links to ../../build/data_processor_pkg/data_processor_pkg.egg-info/dependency_links.txt
writing entry points to ../../build/data_processor_pkg/data_processor_pkg.egg-info/entry_points.txt
writing requirements to ../../build/data_processor_pkg/data_processor_pkg.egg-info/requires.txt
writing top-level names to ../../build/data_processor_pkg/data_processor_pkg.egg-info/top_level.txt
writing manifest file '../../build/data_processor_pkg/data_processor_pkg.egg-info/SOURCES.txt'
reading manifest file '../../build/data_processor_pkg/data_processor_pkg.egg-info/SOURCES.txt'
writing manifest file '../../build/data_processor_pkg/data_processor_pkg.egg-info/SOURCES.txt'
running build
running build_py
creating /ws/build/data_processor_pkg/build
creating /ws/build/data_processor_pkg/build/lib
creating /ws/build/data_processor_pkg/build/lib/data_processor_pkg
copying data_processor_pkg/data_processor_node.py -> /ws/build/data_processor_pkg/build/lib/data_processor_pkg
copying data_processor_pkg/__init__.py -> /ws/build/data_processor_pkg/build/lib/data_processor_pkg
running install
running install_lib
creating /ws/install/data_processor_pkg/lib/python3.10/site-packages/data_processor_pkg
copying /ws/build/data_processor_pkg/build/lib/data_processor_pkg/data_processor_node.py -> /ws/install/data_processor_pkg/lib/python3.10/site-packages/data_processor_pkg
copying /ws/build/data_processor_pkg/build/lib/data_processor_pkg/__init__.py -> /ws/install/data_processor_pkg/lib/python3.10/site-packages/data_processor_pkg
byte-compiling /ws/install/data_processor_pkg/lib/python3.10/site-packages/data_processor_pkg/data_processor_node.py to data_processor_node.cpython-310.pyc
byte-compiling /ws/install/data_processor_pkg/lib/python3.10/site-packages/data_processor_pkg/__init__.py to __init__.cpython-310.pyc
running install_data
creating /ws/install/data_processor_pkg/share/ament_index
creating /ws/install/data_processor_pkg/share/ament_index/resource_index
creating /ws/install/data_processor_pkg/share/ament_index/resource_index/packages
copying resource/data_processor_pkg -> /ws/install/data_processor_pkg/share/ament_index/resource_index/packages
copying package.xml -> /ws/install/data_processor_pkg/share/data_processor_pkg
running install_egg_info
Copying ../../build/data_processor_pkg/data_processor_pkg.egg-info to /ws/install/data_processor_pkg/lib/python3.10/site-packages/data_processor_pkg-0.0.0-py3.10.egg-info
running install_scripts
Installing data_processor script to /ws/install/data_processor_pkg/lib/data_processor_pkg
writing list of installed files to '/ws/build/data_processor_pkg/install.log'
