[0.296s] Invoking command in '/ws/src/sensor_publisher_pkg': PYTHONPATH=/ws/build/sensor_publisher_pkg/prefix_override:/usr/lib/python3/dist-packages/colcon_core/task/python/colcon_distutils_commands:/ws/install/sensor_publisher_pkg/lib/python3.10/site-packages:${PYTHONPATH} /usr/bin/python3 -W ignore:setup.py install is deprecated -W ignore:easy_install command is deprecated setup.py egg_info --egg-base ../../build/sensor_publisher_pkg build --build-base /ws/build/sensor_publisher_pkg/build install --record /ws/build/sensor_publisher_pkg/install.log --single-version-externally-managed install_data
[0.410s] running egg_info
[0.410s] writing ../../build/sensor_publisher_pkg/sensor_publisher_pkg.egg-info/PKG-INFO
[0.410s] writing dependency_links to ../../build/sensor_publisher_pkg/sensor_publisher_pkg.egg-info/dependency_links.txt
[0.411s] writing entry points to ../../build/sensor_publisher_pkg/sensor_publisher_pkg.egg-info/entry_points.txt
[0.411s] writing requirements to ../../build/sensor_publisher_pkg/sensor_publisher_pkg.egg-info/requires.txt
[0.411s] writing top-level names to ../../build/sensor_publisher_pkg/sensor_publisher_pkg.egg-info/top_level.txt
[0.412s] reading manifest file '../../build/sensor_publisher_pkg/sensor_publisher_pkg.egg-info/SOURCES.txt'
[0.412s] writing manifest file '../../build/sensor_publisher_pkg/sensor_publisher_pkg.egg-info/SOURCES.txt'
[0.412s] running build
[0.412s] running build_py
[0.412s] copying sensor_publisher_pkg/sensor_publisher_node.py -> /ws/build/sensor_publisher_pkg/build/lib/sensor_publisher_pkg
[0.412s] running install
[0.413s] running install_lib
[0.413s] copying /ws/build/sensor_publisher_pkg/build/lib/sensor_publisher_pkg/sensor_publisher_node.py -> /ws/install/sensor_publisher_pkg/lib/python3.10/site-packages/sensor_publisher_pkg
[0.413s] byte-compiling /ws/install/sensor_publisher_pkg/lib/python3.10/site-packages/sensor_publisher_pkg/sensor_publisher_node.py to sensor_publisher_node.cpython-310.pyc
[0.414s] running install_data
[0.414s] running install_egg_info
[0.415s] removing '/ws/install/sensor_publisher_pkg/lib/python3.10/site-packages/sensor_publisher_pkg-0.0.0-py3.10.egg-info' (and everything under it)
[0.415s] Copying ../../build/sensor_publisher_pkg/sensor_publisher_pkg.egg-info to /ws/install/sensor_publisher_pkg/lib/python3.10/site-packages/sensor_publisher_pkg-0.0.0-py3.10.egg-info
[0.415s] running install_scripts
[0.429s] writing list of installed files to '/ws/build/sensor_publisher_pkg/install.log'
[0.444s] Invoked command in '/ws/src/sensor_publisher_pkg' returned '0': PYTHONPATH=/ws/build/sensor_publisher_pkg/prefix_override:/usr/lib/python3/dist-packages/colcon_core/task/python/colcon_distutils_commands:/ws/install/sensor_publisher_pkg/lib/python3.10/site-packages:${PYTHONPATH} /usr/bin/python3 -W ignore:setup.py install is deprecated -W ignore:easy_install command is deprecated setup.py egg_info --egg-base ../../build/sensor_publisher_pkg build --build-base /ws/build/sensor_publisher_pkg/build install --record /ws/build/sensor_publisher_pkg/install.log --single-version-externally-managed install_data
