[0.073s] DEBUG:colcon:Command line arguments: ['/usr/bin/colcon', 'build']
[0.073s] DEBUG:colcon:Parsed command line arguments: Namespace(log_base=None, log_level=None, verb_name='build', build_base='build', install_base='install', merge_install=False, symlink_install=False, test_result_base=None, continue_on_error=False, executor='parallel', parallel_workers=12, event_handlers=None, ignore_user_meta=False, metas=['./colcon.meta'], base_paths=['.'], packages_ignore=None, packages_ignore_regex=None, paths=None, packages_up_to=None, packages_up_to_regex=None, packages_above=None, packages_above_and_dependencies=None, packages_above_depth=None, packages_select_by_dep=None, packages_skip_by_dep=None, packages_skip_up_to=None, packages_select_build_failed=False, packages_skip_build_finished=False, packages_select_test_failures=False, packages_skip_test_passed=False, packages_select=None, packages_skip=None, packages_select_regex=None, packages_skip_regex=None, packages_start=None, packages_end=None, cmake_args=None, cmake_target=None, cmake_target_skip_unavailable=False, cmake_clean_cache=False, cmake_clean_first=False, cmake_force_configure=False, ament_cmake_args=None, catkin_cmake_args=None, catkin_skip_building_tests=False, mixin_files=None, mixin=None, verb_parser=<colcon_mixin.mixin.mixin_argument.MixinArgumentDecorator object at 0x7550cd1bd870>, verb_extension=<colcon_core.verb.build.BuildVerb object at 0x7550cd2d9120>, main=<bound method BuildVerb.main of <colcon_core.verb.build.BuildVerb object at 0x7550cd2d9120>>, mixin_verb=('build',))
[0.138s] Level 1:colcon.colcon_core.package_discovery:discover_packages(colcon_meta) check parameters
[0.139s] INFO:colcon.colcon_metadata.package_discovery.colcon_meta:Using configuration from '/root/.colcon/metadata/default/Gazebo.meta'
[0.139s] INFO:colcon.colcon_metadata.package_discovery.colcon_meta:Using configuration from '/root/.colcon/metadata/default/fastdds.meta'
[0.139s] INFO:colcon.colcon_metadata.package_discovery.colcon_meta:Using configuration from '/root/.colcon/metadata/default/fastrtps.meta'
[0.139s] Level 1:colcon.colcon_core.package_discovery:discover_packages(recursive) check parameters
[0.139s] Level 1:colcon.colcon_core.package_discovery:discover_packages(ignore) check parameters
[0.139s] Level 1:colcon.colcon_core.package_discovery:discover_packages(path) check parameters
[0.139s] Level 1:colcon.colcon_core.package_discovery:discover_packages(colcon_meta) discover
[0.140s] Level 1:colcon.colcon_core.package_discovery:discover_packages(recursive) discover
[0.140s] INFO:colcon.colcon_core.package_discovery:Crawling recursively for packages in '/ws'
[0.140s] Level 1:colcon.colcon_core.package_identification:_identify(.) by extensions ['ignore', 'ignore_ament_install']
[0.140s] Level 1:colcon.colcon_core.package_identification:_identify(.) by extension 'ignore'
[0.140s] Level 1:colcon.colcon_core.package_identification:_identify(.) by extension 'ignore_ament_install'
[0.140s] Level 1:colcon.colcon_core.package_identification:_identify(.) by extensions ['colcon_pkg']
[0.140s] Level 1:colcon.colcon_core.package_identification:_identify(.) by extension 'colcon_pkg'
[0.140s] Level 1:colcon.colcon_core.package_identification:_identify(.) by extensions ['colcon_meta']
[0.140s] Level 1:colcon.colcon_core.package_identification:_identify(.) by extension 'colcon_meta'
[0.140s] Level 1:colcon.colcon_core.package_identification:_identify(.) by extensions ['ros']
[0.140s] Level 1:colcon.colcon_core.package_identification:_identify(.) by extension 'ros'
[0.147s] Level 1:colcon.colcon_core.package_identification:_identify(.) by extensions ['cmake', 'python']
[0.147s] Level 1:colcon.colcon_core.package_identification:_identify(.) by extension 'cmake'
[0.148s] Level 1:colcon.colcon_core.package_identification:_identify(.) by extension 'python'
[0.148s] Level 1:colcon.colcon_core.package_identification:_identify(.) by extensions ['python_setup_py']
[0.148s] Level 1:colcon.colcon_core.package_identification:_identify(.) by extension 'python_setup_py'
[0.148s] Level 1:colcon.colcon_core.package_identification:_identify(build) by extensions ['ignore', 'ignore_ament_install']
[0.148s] Level 1:colcon.colcon_core.package_identification:_identify(build) by extension 'ignore'
[0.148s] Level 1:colcon.colcon_core.package_identification:_identify(build) ignored
[0.148s] Level 1:colcon.colcon_core.package_identification:_identify(install) by extensions ['ignore', 'ignore_ament_install']
[0.148s] Level 1:colcon.colcon_core.package_identification:_identify(install) by extension 'ignore'
[0.148s] Level 1:colcon.colcon_core.package_identification:_identify(install) ignored
[0.148s] Level 1:colcon.colcon_core.package_identification:_identify(log) by extensions ['ignore', 'ignore_ament_install']
[0.148s] Level 1:colcon.colcon_core.package_identification:_identify(log) by extension 'ignore'
[0.148s] Level 1:colcon.colcon_core.package_identification:_identify(log) ignored
[0.148s] Level 1:colcon.colcon_core.package_identification:_identify(src) by extensions ['ignore', 'ignore_ament_install']
[0.148s] Level 1:colcon.colcon_core.package_identification:_identify(src) by extension 'ignore'
[0.148s] Level 1:colcon.colcon_core.package_identification:_identify(src) by extension 'ignore_ament_install'
[0.148s] Level 1:colcon.colcon_core.package_identification:_identify(src) by extensions ['colcon_pkg']
[0.148s] Level 1:colcon.colcon_core.package_identification:_identify(src) by extension 'colcon_pkg'
[0.148s] Level 1:colcon.colcon_core.package_identification:_identify(src) by extensions ['colcon_meta']
[0.148s] Level 1:colcon.colcon_core.package_identification:_identify(src) by extension 'colcon_meta'
[0.148s] Level 1:colcon.colcon_core.package_identification:_identify(src) by extensions ['ros']
[0.148s] Level 1:colcon.colcon_core.package_identification:_identify(src) by extension 'ros'
[0.148s] Level 1:colcon.colcon_core.package_identification:_identify(src) by extensions ['cmake', 'python']
[0.148s] Level 1:colcon.colcon_core.package_identification:_identify(src) by extension 'cmake'
[0.148s] Level 1:colcon.colcon_core.package_identification:_identify(src) by extension 'python'
[0.148s] Level 1:colcon.colcon_core.package_identification:_identify(src) by extensions ['python_setup_py']
[0.148s] Level 1:colcon.colcon_core.package_identification:_identify(src) by extension 'python_setup_py'
[0.148s] Level 1:colcon.colcon_core.package_identification:_identify(src/command_server_pkg) by extensions ['ignore', 'ignore_ament_install']
[0.148s] Level 1:colcon.colcon_core.package_identification:_identify(src/command_server_pkg) by extension 'ignore'
[0.148s] Level 1:colcon.colcon_core.package_identification:_identify(src/command_server_pkg) by extension 'ignore_ament_install'
[0.149s] Level 1:colcon.colcon_core.package_identification:_identify(src/command_server_pkg) by extensions ['colcon_pkg']
[0.149s] Level 1:colcon.colcon_core.package_identification:_identify(src/command_server_pkg) by extension 'colcon_pkg'
[0.149s] Level 1:colcon.colcon_core.package_identification:_identify(src/command_server_pkg) by extensions ['colcon_meta']
[0.149s] Level 1:colcon.colcon_core.package_identification:_identify(src/command_server_pkg) by extension 'colcon_meta'
[0.149s] Level 1:colcon.colcon_core.package_identification:_identify(src/command_server_pkg) by extensions ['ros']
[0.149s] Level 1:colcon.colcon_core.package_identification:_identify(src/command_server_pkg) by extension 'ros'
[0.150s] DEBUG:colcon.colcon_core.package_identification:Package 'src/command_server_pkg' with type 'ros.ament_python' and name 'command_server_pkg'
[0.150s] Level 1:colcon.colcon_core.package_identification:_identify(src/data_processor_pkg) by extensions ['ignore', 'ignore_ament_install']
[0.150s] Level 1:colcon.colcon_core.package_identification:_identify(src/data_processor_pkg) by extension 'ignore'
[0.150s] Level 1:colcon.colcon_core.package_identification:_identify(src/data_processor_pkg) by extension 'ignore_ament_install'
[0.150s] Level 1:colcon.colcon_core.package_identification:_identify(src/data_processor_pkg) by extensions ['colcon_pkg']
[0.150s] Level 1:colcon.colcon_core.package_identification:_identify(src/data_processor_pkg) by extension 'colcon_pkg'
[0.150s] Level 1:colcon.colcon_core.package_identification:_identify(src/data_processor_pkg) by extensions ['colcon_meta']
[0.150s] Level 1:colcon.colcon_core.package_identification:_identify(src/data_processor_pkg) by extension 'colcon_meta'
[0.151s] Level 1:colcon.colcon_core.package_identification:_identify(src/data_processor_pkg) by extensions ['ros']
[0.151s] Level 1:colcon.colcon_core.package_identification:_identify(src/data_processor_pkg) by extension 'ros'
[0.151s] DEBUG:colcon.colcon_core.package_identification:Package 'src/data_processor_pkg' with type 'ros.ament_python' and name 'data_processor_pkg'
[0.151s] Level 1:colcon.colcon_core.package_identification:_identify(src/sensor_publisher_pkg) by extensions ['ignore', 'ignore_ament_install']
[0.151s] Level 1:colcon.colcon_core.package_identification:_identify(src/sensor_publisher_pkg) by extension 'ignore'
[0.151s] Level 1:colcon.colcon_core.package_identification:_identify(src/sensor_publisher_pkg) by extension 'ignore_ament_install'
[0.151s] Level 1:colcon.colcon_core.package_identification:_identify(src/sensor_publisher_pkg) by extensions ['colcon_pkg']
[0.151s] Level 1:colcon.colcon_core.package_identification:_identify(src/sensor_publisher_pkg) by extension 'colcon_pkg'
[0.151s] Level 1:colcon.colcon_core.package_identification:_identify(src/sensor_publisher_pkg) by extensions ['colcon_meta']
[0.151s] Level 1:colcon.colcon_core.package_identification:_identify(src/sensor_publisher_pkg) by extension 'colcon_meta'
[0.151s] Level 1:colcon.colcon_core.package_identification:_identify(src/sensor_publisher_pkg) by extensions ['ros']
[0.151s] Level 1:colcon.colcon_core.package_identification:_identify(src/sensor_publisher_pkg) by extension 'ros'
[0.152s] DEBUG:colcon.colcon_core.package_identification:Package 'src/sensor_publisher_pkg' with type 'ros.ament_python' and name 'sensor_publisher_pkg'
[0.152s] Level 1:colcon.colcon_core.package_discovery:discover_packages(recursive) using defaults
[0.152s] Level 1:colcon.colcon_core.package_discovery:discover_packages(ignore) discover
[0.152s] Level 1:colcon.colcon_core.package_discovery:discover_packages(ignore) using defaults
[0.152s] Level 1:colcon.colcon_core.package_discovery:discover_packages(path) discover
[0.152s] Level 1:colcon.colcon_core.package_discovery:discover_packages(path) using defaults
[0.165s] Level 5:colcon.colcon_core.verb:set package 'command_server_pkg' build argument 'cmake_args' from command line to 'None'
[0.165s] Level 5:colcon.colcon_core.verb:set package 'command_server_pkg' build argument 'cmake_target' from command line to 'None'
[0.165s] Level 5:colcon.colcon_core.verb:set package 'command_server_pkg' build argument 'cmake_target_skip_unavailable' from command line to 'False'
[0.165s] Level 5:colcon.colcon_core.verb:set package 'command_server_pkg' build argument 'cmake_clean_cache' from command line to 'False'
[0.165s] Level 5:colcon.colcon_core.verb:set package 'command_server_pkg' build argument 'cmake_clean_first' from command line to 'False'
[0.165s] Level 5:colcon.colcon_core.verb:set package 'command_server_pkg' build argument 'cmake_force_configure' from command line to 'False'
[0.165s] Level 5:colcon.colcon_core.verb:set package 'command_server_pkg' build argument 'ament_cmake_args' from command line to 'None'
[0.165s] Level 5:colcon.colcon_core.verb:set package 'command_server_pkg' build argument 'catkin_cmake_args' from command line to 'None'
[0.165s] Level 5:colcon.colcon_core.verb:set package 'command_server_pkg' build argument 'catkin_skip_building_tests' from command line to 'False'
[0.165s] DEBUG:colcon.colcon_core.verb:Building package 'command_server_pkg' with the following arguments: {'ament_cmake_args': None, 'build_base': '/ws/build/command_server_pkg', 'catkin_cmake_args': None, 'catkin_skip_building_tests': False, 'cmake_args': None, 'cmake_clean_cache': False, 'cmake_clean_first': False, 'cmake_force_configure': False, 'cmake_target': None, 'cmake_target_skip_unavailable': False, 'install_base': '/ws/install/command_server_pkg', 'merge_install': False, 'path': '/ws/src/command_server_pkg', 'symlink_install': False, 'test_result_base': None}
[0.166s] Level 5:colcon.colcon_core.verb:set package 'data_processor_pkg' build argument 'cmake_args' from command line to 'None'
[0.166s] Level 5:colcon.colcon_core.verb:set package 'data_processor_pkg' build argument 'cmake_target' from command line to 'None'
[0.166s] Level 5:colcon.colcon_core.verb:set package 'data_processor_pkg' build argument 'cmake_target_skip_unavailable' from command line to 'False'
[0.166s] Level 5:colcon.colcon_core.verb:set package 'data_processor_pkg' build argument 'cmake_clean_cache' from command line to 'False'
[0.166s] Level 5:colcon.colcon_core.verb:set package 'data_processor_pkg' build argument 'cmake_clean_first' from command line to 'False'
[0.166s] Level 5:colcon.colcon_core.verb:set package 'data_processor_pkg' build argument 'cmake_force_configure' from command line to 'False'
[0.166s] Level 5:colcon.colcon_core.verb:set package 'data_processor_pkg' build argument 'ament_cmake_args' from command line to 'None'
[0.166s] Level 5:colcon.colcon_core.verb:set package 'data_processor_pkg' build argument 'catkin_cmake_args' from command line to 'None'
[0.166s] Level 5:colcon.colcon_core.verb:set package 'data_processor_pkg' build argument 'catkin_skip_building_tests' from command line to 'False'
[0.166s] DEBUG:colcon.colcon_core.verb:Building package 'data_processor_pkg' with the following arguments: {'ament_cmake_args': None, 'build_base': '/ws/build/data_processor_pkg', 'catkin_cmake_args': None, 'catkin_skip_building_tests': False, 'cmake_args': None, 'cmake_clean_cache': False, 'cmake_clean_first': False, 'cmake_force_configure': False, 'cmake_target': None, 'cmake_target_skip_unavailable': False, 'install_base': '/ws/install/data_processor_pkg', 'merge_install': False, 'path': '/ws/src/data_processor_pkg', 'symlink_install': False, 'test_result_base': None}
[0.166s] Level 5:colcon.colcon_core.verb:set package 'sensor_publisher_pkg' build argument 'cmake_args' from command line to 'None'
[0.166s] Level 5:colcon.colcon_core.verb:set package 'sensor_publisher_pkg' build argument 'cmake_target' from command line to 'None'
[0.166s] Level 5:colcon.colcon_core.verb:set package 'sensor_publisher_pkg' build argument 'cmake_target_skip_unavailable' from command line to 'False'
[0.166s] Level 5:colcon.colcon_core.verb:set package 'sensor_publisher_pkg' build argument 'cmake_clean_cache' from command line to 'False'
[0.166s] Level 5:colcon.colcon_core.verb:set package 'sensor_publisher_pkg' build argument 'cmake_clean_first' from command line to 'False'
[0.166s] Level 5:colcon.colcon_core.verb:set package 'sensor_publisher_pkg' build argument 'cmake_force_configure' from command line to 'False'
[0.166s] Level 5:colcon.colcon_core.verb:set package 'sensor_publisher_pkg' build argument 'ament_cmake_args' from command line to 'None'
[0.166s] Level 5:colcon.colcon_core.verb:set package 'sensor_publisher_pkg' build argument 'catkin_cmake_args' from command line to 'None'
[0.166s] Level 5:colcon.colcon_core.verb:set package 'sensor_publisher_pkg' build argument 'catkin_skip_building_tests' from command line to 'False'
[0.166s] DEBUG:colcon.colcon_core.verb:Building package 'sensor_publisher_pkg' with the following arguments: {'ament_cmake_args': None, 'build_base': '/ws/build/sensor_publisher_pkg', 'catkin_cmake_args': None, 'catkin_skip_building_tests': False, 'cmake_args': None, 'cmake_clean_cache': False, 'cmake_clean_first': False, 'cmake_force_configure': False, 'cmake_target': None, 'cmake_target_skip_unavailable': False, 'install_base': '/ws/install/sensor_publisher_pkg', 'merge_install': False, 'path': '/ws/src/sensor_publisher_pkg', 'symlink_install': False, 'test_result_base': None}
[0.166s] INFO:colcon.colcon_core.executor:Executing jobs using 'parallel' executor
[0.167s] DEBUG:colcon.colcon_parallel_executor.executor.parallel:run_until_complete
[0.167s] INFO:colcon.colcon_ros.task.ament_python.build:Building ROS package in '/ws/src/command_server_pkg' with build type 'ament_python'
[0.168s] Level 1:colcon.colcon_core.shell:create_environment_hook('command_server_pkg', 'ament_prefix_path')
[0.169s] INFO:colcon.colcon_core.plugin_system:Skipping extension 'colcon_core.shell.bat': Not used on non-Windows systems
[0.169s] INFO:colcon.colcon_core.shell:Creating environment hook '/ws/install/command_server_pkg/share/command_server_pkg/hook/ament_prefix_path.ps1'
[0.170s] INFO:colcon.colcon_core.shell:Creating environment descriptor '/ws/install/command_server_pkg/share/command_server_pkg/hook/ament_prefix_path.dsv'
[0.170s] INFO:colcon.colcon_core.shell:Creating environment hook '/ws/install/command_server_pkg/share/command_server_pkg/hook/ament_prefix_path.sh'
[0.170s] INFO:colcon.colcon_core.shell:Skip shell extension 'powershell' for command environment: Not usable outside of PowerShell
[0.170s] DEBUG:colcon.colcon_core.shell:Skip shell extension 'dsv' for command environment
[0.173s] INFO:colcon.colcon_ros.task.ament_python.build:Building ROS package in '/ws/src/data_processor_pkg' with build type 'ament_python'
[0.173s] Level 1:colcon.colcon_core.shell:create_environment_hook('data_processor_pkg', 'ament_prefix_path')
[0.173s] INFO:colcon.colcon_core.shell:Creating environment hook '/ws/install/data_processor_pkg/share/data_processor_pkg/hook/ament_prefix_path.ps1'
[0.173s] INFO:colcon.colcon_core.shell:Creating environment descriptor '/ws/install/data_processor_pkg/share/data_processor_pkg/hook/ament_prefix_path.dsv'
[0.174s] INFO:colcon.colcon_core.shell:Creating environment hook '/ws/install/data_processor_pkg/share/data_processor_pkg/hook/ament_prefix_path.sh'
[0.174s] INFO:colcon.colcon_core.shell:Skip shell extension 'powershell' for command environment: Not usable outside of PowerShell
[0.174s] DEBUG:colcon.colcon_core.shell:Skip shell extension 'dsv' for command environment
[0.175s] INFO:colcon.colcon_ros.task.ament_python.build:Building ROS package in '/ws/src/sensor_publisher_pkg' with build type 'ament_python'
[0.175s] Level 1:colcon.colcon_core.shell:create_environment_hook('sensor_publisher_pkg', 'ament_prefix_path')
[0.176s] INFO:colcon.colcon_core.shell:Creating environment hook '/ws/install/sensor_publisher_pkg/share/sensor_publisher_pkg/hook/ament_prefix_path.ps1'
[0.176s] INFO:colcon.colcon_core.shell:Creating environment descriptor '/ws/install/sensor_publisher_pkg/share/sensor_publisher_pkg/hook/ament_prefix_path.dsv'
[0.176s] INFO:colcon.colcon_core.shell:Creating environment hook '/ws/install/sensor_publisher_pkg/share/sensor_publisher_pkg/hook/ament_prefix_path.sh'
[0.176s] INFO:colcon.colcon_core.shell:Skip shell extension 'powershell' for command environment: Not usable outside of PowerShell
[0.176s] DEBUG:colcon.colcon_core.shell:Skip shell extension 'dsv' for command environment
[0.299s] INFO:colcon.colcon_core.task.python.build:Building Python package in '/ws/src/command_server_pkg'
[0.300s] INFO:colcon.colcon_core.shell:Skip shell extension 'powershell' for command environment: Not usable outside of PowerShell
[0.300s] DEBUG:colcon.colcon_core.shell:Skip shell extension 'dsv' for command environment
[0.427s] INFO:colcon.colcon_core.task.python.build:Building Python package in '/ws/src/data_processor_pkg'
[0.427s] INFO:colcon.colcon_core.shell:Skip shell extension 'powershell' for command environment: Not usable outside of PowerShell
[0.427s] DEBUG:colcon.colcon_core.shell:Skip shell extension 'dsv' for command environment
[0.546s] INFO:colcon.colcon_core.task.python.build:Building Python package in '/ws/src/sensor_publisher_pkg'
[0.547s] INFO:colcon.colcon_core.shell:Skip shell extension 'powershell' for command environment: Not usable outside of PowerShell
[0.547s] DEBUG:colcon.colcon_core.shell:Skip shell extension 'dsv' for command environment
[0.727s] DEBUG:colcon.colcon_core.event_handler.log_command:Invoking command in '/ws/src/data_processor_pkg': PYTHONPATH=/ws/build/data_processor_pkg/prefix_override:/usr/lib/python3/dist-packages/colcon_core/task/python/colcon_distutils_commands:/ws/install/data_processor_pkg/lib/python3.10/site-packages:${PYTHONPATH} /usr/bin/python3 -W ignore:setup.py install is deprecated -W ignore:easy_install command is deprecated setup.py egg_info --egg-base ../../build/data_processor_pkg build --build-base /ws/build/data_processor_pkg/build install --record /ws/build/data_processor_pkg/install.log --single-version-externally-managed install_data
[0.731s] DEBUG:colcon.colcon_core.event_handler.log_command:Invoking command in '/ws/src/sensor_publisher_pkg': PYTHONPATH=/ws/build/sensor_publisher_pkg/prefix_override:/usr/lib/python3/dist-packages/colcon_core/task/python/colcon_distutils_commands:/ws/install/sensor_publisher_pkg/lib/python3.10/site-packages:${PYTHONPATH} /usr/bin/python3 -W ignore:setup.py install is deprecated -W ignore:easy_install command is deprecated setup.py egg_info --egg-base ../../build/sensor_publisher_pkg build --build-base /ws/build/sensor_publisher_pkg/build install --record /ws/build/sensor_publisher_pkg/install.log --single-version-externally-managed install_data
[0.732s] DEBUG:colcon.colcon_core.event_handler.log_command:Invoking command in '/ws/src/command_server_pkg': PYTHONPATH=/ws/build/command_server_pkg/prefix_override:/usr/lib/python3/dist-packages/colcon_core/task/python/colcon_distutils_commands:/ws/install/command_server_pkg/lib/python3.10/site-packages:${PYTHONPATH} /usr/bin/python3 -W ignore:setup.py install is deprecated -W ignore:easy_install command is deprecated setup.py egg_info --egg-base ../../build/command_server_pkg build --build-base /ws/build/command_server_pkg/build install --record /ws/build/command_server_pkg/install.log --single-version-externally-managed install_data
[0.882s] DEBUG:colcon.colcon_core.event_handler.log_command:Invoked command in '/ws/src/sensor_publisher_pkg' returned '0': PYTHONPATH=/ws/build/sensor_publisher_pkg/prefix_override:/usr/lib/python3/dist-packages/colcon_core/task/python/colcon_distutils_commands:/ws/install/sensor_publisher_pkg/lib/python3.10/site-packages:${PYTHONPATH} /usr/bin/python3 -W ignore:setup.py install is deprecated -W ignore:easy_install command is deprecated setup.py egg_info --egg-base ../../build/sensor_publisher_pkg build --build-base /ws/build/sensor_publisher_pkg/build install --record /ws/build/sensor_publisher_pkg/install.log --single-version-externally-managed install_data
[0.883s] Level 1:colcon.colcon_core.environment:checking '/ws/install/sensor_publisher_pkg' for CMake module files
[0.884s] Level 1:colcon.colcon_core.environment:checking '/ws/install/sensor_publisher_pkg' for CMake config files
[0.884s] Level 1:colcon.colcon_core.environment:checking '/ws/install/sensor_publisher_pkg/lib'
[0.884s] Level 1:colcon.colcon_core.environment:checking '/ws/install/sensor_publisher_pkg/bin'
[0.884s] Level 1:colcon.colcon_core.environment:checking '/ws/install/sensor_publisher_pkg/lib/pkgconfig/sensor_publisher_pkg.pc'
[0.885s] Level 1:colcon.colcon_core.environment:checking '/ws/install/sensor_publisher_pkg/lib/python3.10/site-packages'
[0.885s] Level 1:colcon.colcon_core.shell:create_environment_hook('sensor_publisher_pkg', 'pythonpath')
[0.885s] INFO:colcon.colcon_core.shell:Creating environment hook '/ws/install/sensor_publisher_pkg/share/sensor_publisher_pkg/hook/pythonpath.ps1'
[0.885s] INFO:colcon.colcon_core.shell:Creating environment descriptor '/ws/install/sensor_publisher_pkg/share/sensor_publisher_pkg/hook/pythonpath.dsv'
[0.885s] INFO:colcon.colcon_core.shell:Creating environment hook '/ws/install/sensor_publisher_pkg/share/sensor_publisher_pkg/hook/pythonpath.sh'
[0.886s] Level 1:colcon.colcon_core.environment:checking '/ws/install/sensor_publisher_pkg/bin'
[0.886s] Level 1:colcon.colcon_core.environment:create_environment_scripts_only(sensor_publisher_pkg)
[0.886s] INFO:colcon.colcon_core.shell:Creating package script '/ws/install/sensor_publisher_pkg/share/sensor_publisher_pkg/package.ps1'
[0.887s] INFO:colcon.colcon_core.shell:Creating package descriptor '/ws/install/sensor_publisher_pkg/share/sensor_publisher_pkg/package.dsv'
[0.887s] INFO:colcon.colcon_core.shell:Creating package script '/ws/install/sensor_publisher_pkg/share/sensor_publisher_pkg/package.sh'
[0.888s] INFO:colcon.colcon_core.shell:Creating package script '/ws/install/sensor_publisher_pkg/share/sensor_publisher_pkg/package.bash'
[0.888s] INFO:colcon.colcon_core.shell:Creating package script '/ws/install/sensor_publisher_pkg/share/sensor_publisher_pkg/package.zsh'
[0.889s] Level 1:colcon.colcon_core.environment:create_file_with_runtime_dependencies(/ws/install/sensor_publisher_pkg/share/colcon-core/packages/sensor_publisher_pkg)
[0.890s] Level 1:colcon.colcon_core.environment:checking '/ws/install/data_processor_pkg' for CMake module files
[0.890s] DEBUG:colcon.colcon_core.event_handler.log_command:Invoked command in '/ws/src/data_processor_pkg' returned '0': PYTHONPATH=/ws/build/data_processor_pkg/prefix_override:/usr/lib/python3/dist-packages/colcon_core/task/python/colcon_distutils_commands:/ws/install/data_processor_pkg/lib/python3.10/site-packages:${PYTHONPATH} /usr/bin/python3 -W ignore:setup.py install is deprecated -W ignore:easy_install command is deprecated setup.py egg_info --egg-base ../../build/data_processor_pkg build --build-base /ws/build/data_processor_pkg/build install --record /ws/build/data_processor_pkg/install.log --single-version-externally-managed install_data
[0.890s] Level 1:colcon.colcon_core.environment:checking '/ws/install/data_processor_pkg' for CMake config files
[0.891s] Level 1:colcon.colcon_core.environment:checking '/ws/install/data_processor_pkg/lib'
[0.891s] Level 1:colcon.colcon_core.environment:checking '/ws/install/data_processor_pkg/bin'
[0.891s] Level 1:colcon.colcon_core.environment:checking '/ws/install/data_processor_pkg/lib/pkgconfig/data_processor_pkg.pc'
[0.892s] Level 1:colcon.colcon_core.environment:checking '/ws/install/data_processor_pkg/lib/python3.10/site-packages'
[0.892s] Level 1:colcon.colcon_core.shell:create_environment_hook('data_processor_pkg', 'pythonpath')
[0.892s] INFO:colcon.colcon_core.shell:Creating environment hook '/ws/install/data_processor_pkg/share/data_processor_pkg/hook/pythonpath.ps1'
[0.892s] INFO:colcon.colcon_core.shell:Creating environment descriptor '/ws/install/data_processor_pkg/share/data_processor_pkg/hook/pythonpath.dsv'
[0.892s] INFO:colcon.colcon_core.shell:Creating environment hook '/ws/install/data_processor_pkg/share/data_processor_pkg/hook/pythonpath.sh'
[0.893s] Level 1:colcon.colcon_core.environment:checking '/ws/install/data_processor_pkg/bin'
[0.893s] Level 1:colcon.colcon_core.environment:create_environment_scripts_only(data_processor_pkg)
[0.893s] INFO:colcon.colcon_core.shell:Creating package script '/ws/install/data_processor_pkg/share/data_processor_pkg/package.ps1'
[0.893s] INFO:colcon.colcon_core.shell:Creating package descriptor '/ws/install/data_processor_pkg/share/data_processor_pkg/package.dsv'
[0.894s] INFO:colcon.colcon_core.shell:Creating package script '/ws/install/data_processor_pkg/share/data_processor_pkg/package.sh'
[0.894s] INFO:colcon.colcon_core.shell:Creating package script '/ws/install/data_processor_pkg/share/data_processor_pkg/package.bash'
[0.894s] INFO:colcon.colcon_core.shell:Creating package script '/ws/install/data_processor_pkg/share/data_processor_pkg/package.zsh'
[0.894s] Level 1:colcon.colcon_core.environment:create_file_with_runtime_dependencies(/ws/install/data_processor_pkg/share/colcon-core/packages/data_processor_pkg)
[0.895s] Level 1:colcon.colcon_core.environment:checking '/ws/install/command_server_pkg' for CMake module files
[0.895s] Level 1:colcon.colcon_core.environment:checking '/ws/install/command_server_pkg' for CMake config files
[0.895s] DEBUG:colcon.colcon_core.event_handler.log_command:Invoked command in '/ws/src/command_server_pkg' returned '0': PYTHONPATH=/ws/build/command_server_pkg/prefix_override:/usr/lib/python3/dist-packages/colcon_core/task/python/colcon_distutils_commands:/ws/install/command_server_pkg/lib/python3.10/site-packages:${PYTHONPATH} /usr/bin/python3 -W ignore:setup.py install is deprecated -W ignore:easy_install command is deprecated setup.py egg_info --egg-base ../../build/command_server_pkg build --build-base /ws/build/command_server_pkg/build install --record /ws/build/command_server_pkg/install.log --single-version-externally-managed install_data
[0.896s] Level 1:colcon.colcon_core.environment:checking '/ws/install/command_server_pkg/lib'
[0.896s] Level 1:colcon.colcon_core.environment:checking '/ws/install/command_server_pkg/bin'
[0.896s] Level 1:colcon.colcon_core.environment:checking '/ws/install/command_server_pkg/lib/pkgconfig/command_server_pkg.pc'
[0.896s] Level 1:colcon.colcon_core.environment:checking '/ws/install/command_server_pkg/lib/python3.10/site-packages'
[0.897s] Level 1:colcon.colcon_core.shell:create_environment_hook('command_server_pkg', 'pythonpath')
[0.897s] INFO:colcon.colcon_core.shell:Creating environment hook '/ws/install/command_server_pkg/share/command_server_pkg/hook/pythonpath.ps1'
[0.897s] INFO:colcon.colcon_core.shell:Creating environment descriptor '/ws/install/command_server_pkg/share/command_server_pkg/hook/pythonpath.dsv'
[0.897s] INFO:colcon.colcon_core.shell:Creating environment hook '/ws/install/command_server_pkg/share/command_server_pkg/hook/pythonpath.sh'
[0.898s] Level 1:colcon.colcon_core.environment:checking '/ws/install/command_server_pkg/bin'
[0.898s] Level 1:colcon.colcon_core.environment:create_environment_scripts_only(command_server_pkg)
[0.898s] INFO:colcon.colcon_core.shell:Creating package script '/ws/install/command_server_pkg/share/command_server_pkg/package.ps1'
[0.899s] INFO:colcon.colcon_core.shell:Creating package descriptor '/ws/install/command_server_pkg/share/command_server_pkg/package.dsv'
[0.899s] INFO:colcon.colcon_core.shell:Creating package script '/ws/install/command_server_pkg/share/command_server_pkg/package.sh'
[0.899s] INFO:colcon.colcon_core.shell:Creating package script '/ws/install/command_server_pkg/share/command_server_pkg/package.bash'
[0.899s] INFO:colcon.colcon_core.shell:Creating package script '/ws/install/command_server_pkg/share/command_server_pkg/package.zsh'
[0.900s] Level 1:colcon.colcon_core.environment:create_file_with_runtime_dependencies(/ws/install/command_server_pkg/share/colcon-core/packages/command_server_pkg)
[0.900s] DEBUG:colcon.colcon_parallel_executor.executor.parallel:closing loop
[0.900s] DEBUG:colcon.colcon_parallel_executor.executor.parallel:loop closed
[0.900s] DEBUG:colcon.colcon_parallel_executor.executor.parallel:run_until_complete finished with '0'
[0.900s] DEBUG:colcon.colcon_core.event_reactor:joining thread
[0.903s] INFO:colcon.colcon_core.plugin_system:Skipping extension 'colcon_notification.desktop_notification.notify_send': Could not find 'notify-send'
[0.904s] INFO:colcon.colcon_core.plugin_system:Skipping extension 'colcon_notification.desktop_notification.terminal_notifier': Not used on non-Darwin systems
[0.904s] INFO:colcon.colcon_core.plugin_system:Skipping extension 'colcon_notification.desktop_notification.win32': Not used on non-Windows systems
[0.904s] INFO:colcon.colcon_notification.desktop_notification:Sending desktop notification using 'notify2'
[0.904s] DEBUG:colcon.colcon_notification.desktop_notification.notify2:Failed to initialize notify2: org.freedesktop.DBus.Error.NotSupported: Unable to autolaunch a dbus-daemon without a $DISPLAY for X11
[0.904s] DEBUG:colcon.colcon_core.event_reactor:joined thread
[0.904s] INFO:colcon.colcon_core.shell:Creating prefix script '/ws/install/local_setup.ps1'
[0.905s] INFO:colcon.colcon_core.shell:Creating prefix util module '/ws/install/_local_setup_util_ps1.py'
[0.905s] INFO:colcon.colcon_core.shell:Creating prefix chain script '/ws/install/setup.ps1'
[0.906s] INFO:colcon.colcon_core.shell:Creating prefix script '/ws/install/local_setup.sh'
[0.906s] INFO:colcon.colcon_core.shell:Creating prefix util module '/ws/install/_local_setup_util_sh.py'
[0.907s] INFO:colcon.colcon_core.shell:Creating prefix chain script '/ws/install/setup.sh'
[0.907s] INFO:colcon.colcon_core.shell:Creating prefix script '/ws/install/local_setup.bash'
[0.907s] INFO:colcon.colcon_core.shell:Creating prefix chain script '/ws/install/setup.bash'
[0.908s] INFO:colcon.colcon_core.shell:Creating prefix script '/ws/install/local_setup.zsh'
[0.908s] INFO:colcon.colcon_core.shell:Creating prefix chain script '/ws/install/setup.zsh'
