running egg_info
creating ../../build/command_server_pkg/command_server_pkg.egg-info
writing ../../build/command_server_pkg/command_server_pkg.egg-info/PKG-INFO
writing dependency_links to ../../build/command_server_pkg/command_server_pkg.egg-info/dependency_links.txt
writing entry points to ../../build/command_server_pkg/command_server_pkg.egg-info/entry_points.txt
writing requirements to ../../build/command_server_pkg/command_server_pkg.egg-info/requires.txt
writing top-level names to ../../build/command_server_pkg/command_server_pkg.egg-info/top_level.txt
writing manifest file '../../build/command_server_pkg/command_server_pkg.egg-info/SOURCES.txt'
reading manifest file '../../build/command_server_pkg/command_server_pkg.egg-info/SOURCES.txt'
writing manifest file '../../build/command_server_pkg/command_server_pkg.egg-info/SOURCES.txt'
running build
running build_py
creating /ws/build/command_server_pkg/build
creating /ws/build/command_server_pkg/build/lib
creating /ws/build/command_server_pkg/build/lib/command_server_pkg
copying command_server_pkg/command_server_node.py -> /ws/build/command_server_pkg/build/lib/command_server_pkg
copying command_server_pkg/__init__.py -> /ws/build/command_server_pkg/build/lib/command_server_pkg
running install
running install_lib
creating /ws/install/command_server_pkg/lib/python3.10/site-packages/command_server_pkg
copying /ws/build/command_server_pkg/build/lib/command_server_pkg/command_server_node.py -> /ws/install/command_server_pkg/lib/python3.10/site-packages/command_server_pkg
copying /ws/build/command_server_pkg/build/lib/command_server_pkg/__init__.py -> /ws/install/command_server_pkg/lib/python3.10/site-packages/command_server_pkg
byte-compiling /ws/install/command_server_pkg/lib/python3.10/site-packages/command_server_pkg/command_server_node.py to command_server_node.cpython-310.pyc
byte-compiling /ws/install/command_server_pkg/lib/python3.10/site-packages/command_server_pkg/__init__.py to __init__.cpython-310.pyc
running install_data
creating /ws/install/command_server_pkg/share/ament_index
creating /ws/install/command_server_pkg/share/ament_index/resource_index
creating /ws/install/command_server_pkg/share/ament_index/resource_index/packages
copying resource/command_server_pkg -> /ws/install/command_server_pkg/share/ament_index/resource_index/packages
copying package.xml -> /ws/install/command_server_pkg/share/command_server_pkg
running install_egg_info
Copying ../../build/command_server_pkg/command_server_pkg.egg-info to /ws/install/command_server_pkg/lib/python3.10/site-packages/command_server_pkg-0.0.0-py3.10.egg-info
running install_scripts
Installing command_server script to /ws/install/command_server_pkg/lib/command_server_pkg
writing list of installed files to '/ws/build/command_server_pkg/install.log'
