running egg_info
creating ../../build/sensor_publisher_pkg/sensor_publisher_pkg.egg-info
writing ../../build/sensor_publisher_pkg/sensor_publisher_pkg.egg-info/PKG-INFO
writing dependency_links to ../../build/sensor_publisher_pkg/sensor_publisher_pkg.egg-info/dependency_links.txt
writing entry points to ../../build/sensor_publisher_pkg/sensor_publisher_pkg.egg-info/entry_points.txt
writing requirements to ../../build/sensor_publisher_pkg/sensor_publisher_pkg.egg-info/requires.txt
writing top-level names to ../../build/sensor_publisher_pkg/sensor_publisher_pkg.egg-info/top_level.txt
writing manifest file '../../build/sensor_publisher_pkg/sensor_publisher_pkg.egg-info/SOURCES.txt'
reading manifest file '../../build/sensor_publisher_pkg/sensor_publisher_pkg.egg-info/SOURCES.txt'
writing manifest file '../../build/sensor_publisher_pkg/sensor_publisher_pkg.egg-info/SOURCES.txt'
running build
running build_py
creating /ws/build/sensor_publisher_pkg/build
creating /ws/build/sensor_publisher_pkg/build/lib
creating /ws/build/sensor_publisher_pkg/build/lib/sensor_publisher_pkg
copying sensor_publisher_pkg/__init__.py -> /ws/build/sensor_publisher_pkg/build/lib/sensor_publisher_pkg
running install
running install_lib
creating /ws/install/sensor_publisher_pkg/lib/python3.10/site-packages/sensor_publisher_pkg
copying /ws/build/sensor_publisher_pkg/build/lib/sensor_publisher_pkg/__init__.py -> /ws/install/sensor_publisher_pkg/lib/python3.10/site-packages/sensor_publisher_pkg
byte-compiling /ws/install/sensor_publisher_pkg/lib/python3.10/site-packages/sensor_publisher_pkg/__init__.py to __init__.cpython-310.pyc
running install_data
creating /ws/install/sensor_publisher_pkg/share/ament_index
creating /ws/install/sensor_publisher_pkg/share/ament_index/resource_index
creating /ws/install/sensor_publisher_pkg/share/ament_index/resource_index/packages
copying resource/sensor_publisher_pkg -> /ws/install/sensor_publisher_pkg/share/ament_index/resource_index/packages
copying package.xml -> /ws/install/sensor_publisher_pkg/share/sensor_publisher_pkg
running install_egg_info
Copying ../../build/sensor_publisher_pkg/sensor_publisher_pkg.egg-info to /ws/install/sensor_publisher_pkg/lib/python3.10/site-packages/sensor_publisher_pkg-0.0.0-py3.10.egg-info
running install_scripts
writing list of installed files to '/ws/build/sensor_publisher_pkg/install.log'
