running egg_info
writing ../../build/command_server_pkg/command_server_pkg.egg-info/PKG-INFO
writing dependency_links to ../../build/command_server_pkg/command_server_pkg.egg-info/dependency_links.txt
writing entry points to ../../build/command_server_pkg/command_server_pkg.egg-info/entry_points.txt
writing requirements to ../../build/command_server_pkg/command_server_pkg.egg-info/requires.txt
writing top-level names to ../../build/command_server_pkg/command_server_pkg.egg-info/top_level.txt
reading manifest file '../../build/command_server_pkg/command_server_pkg.egg-info/SOURCES.txt'
writing manifest file '../../build/command_server_pkg/command_server_pkg.egg-info/SOURCES.txt'
running build
running build_py
running install
running install_lib
running install_data
creating /ws/install/command_server_pkg/share/command_server_pkg/launch
copying launch/system_launch.py -> /ws/install/command_server_pkg/share/command_server_pkg/launch
running install_egg_info
removing '/ws/install/command_server_pkg/lib/python3.10/site-packages/command_server_pkg-0.0.0-py3.10.egg-info' (and everything under it)
Copying ../../build/command_server_pkg/command_server_pkg.egg-info to /ws/install/command_server_pkg/lib/python3.10/site-packages/command_server_pkg-0.0.0-py3.10.egg-info
running install_scripts
Installing command_server script to /ws/install/command_server_pkg/lib/command_server_pkg
writing list of installed files to '/ws/build/command_server_pkg/install.log'
