[0.578s] Invoking command in '/ws/src/sensor_publisher_pkg': PYTHONPATH=/ws/build/sensor_publisher_pkg/prefix_override:/usr/lib/python3/dist-packages/colcon_core/task/python/colcon_distutils_commands:/ws/install/sensor_publisher_pkg/lib/python3.10/site-packages:${PYTHONPATH} /usr/bin/python3 -W ignore:setup.py install is deprecated -W ignore:easy_install command is deprecated setup.py egg_info --egg-base ../../build/sensor_publisher_pkg build --build-base /ws/build/sensor_publisher_pkg/build install --record /ws/build/sensor_publisher_pkg/install.log --single-version-externally-managed install_data
[0.690s] running egg_info
[0.690s] writing ../../build/sensor_publisher_pkg/sensor_publisher_pkg.egg-info/PKG-INFO
[0.690s] writing dependency_links to ../../build/sensor_publisher_pkg/sensor_publisher_pkg.egg-info/dependency_links.txt
[0.690s] writing entry points to ../../build/sensor_publisher_pkg/sensor_publisher_pkg.egg-info/entry_points.txt
[0.690s] writing requirements to ../../build/sensor_publisher_pkg/sensor_publisher_pkg.egg-info/requires.txt
[0.690s] writing top-level names to ../../build/sensor_publisher_pkg/sensor_publisher_pkg.egg-info/top_level.txt
[0.691s] reading manifest file '../../build/sensor_publisher_pkg/sensor_publisher_pkg.egg-info/SOURCES.txt'
[0.692s] writing manifest file '../../build/sensor_publisher_pkg/sensor_publisher_pkg.egg-info/SOURCES.txt'
[0.692s] running build
[0.692s] running build_py
[0.692s] running install
[0.692s] running install_lib
[0.693s] running install_data
[0.693s] running install_egg_info
[0.694s] removing '/ws/install/sensor_publisher_pkg/lib/python3.10/site-packages/sensor_publisher_pkg-0.0.0-py3.10.egg-info' (and everything under it)
[0.694s] Copying ../../build/sensor_publisher_pkg/sensor_publisher_pkg.egg-info to /ws/install/sensor_publisher_pkg/lib/python3.10/site-packages/sensor_publisher_pkg-0.0.0-py3.10.egg-info
[0.695s] running install_scripts
[0.709s] Installing sensor_publisher script to /ws/install/sensor_publisher_pkg/lib/sensor_publisher_pkg
[0.709s] writing list of installed files to '/ws/build/sensor_publisher_pkg/install.log'
[0.737s] Invoked command in '/ws/src/sensor_publisher_pkg' returned '0': PYTHONPATH=/ws/build/sensor_publisher_pkg/prefix_override:/usr/lib/python3/dist-packages/colcon_core/task/python/colcon_distutils_commands:/ws/install/sensor_publisher_pkg/lib/python3.10/site-packages:${PYTHONPATH} /usr/bin/python3 -W ignore:setup.py install is deprecated -W ignore:easy_install command is deprecated setup.py egg_info --egg-base ../../build/sensor_publisher_pkg build --build-base /ws/build/sensor_publisher_pkg/build install --record /ws/build/sensor_publisher_pkg/install.log --single-version-externally-managed install_data
